<?xml version="1.0" encoding="UTF-8"?>
<!-- Generated by org.testng.reporters.JUnitXMLReporter -->
<testsuite ignored="0" hostname="Robin" failures="0" tests="5" name="Test" time="21.506" errors="0" timestamp="2024-05-02T21:12:41 EDT">
  <testcase classname="testCases.AccountRegistrationT0001" name="CheckHomePageLogo" time="0.23"/>
  <testcase classname="testCases.AccountRegistrationT0001" name="CreateAccount" time="5.653"/>
  <testcase classname="testCases.AccountRegistrationT0001" name="DeleteAccount" time="3.251"/>
  <testcase classname="testCases.LoginT0002" name="CheckHomePageLogo" time="0.055"/>
  <testcase classname="testCases.LoginT0002" name="LoginWithInavlid" time="3.329"/>
</testsuite> <!-- Test -->
