<?xml version="1.0" encoding="UTF-8"?>
<!-- Generated by org.testng.reporters.JUnitXMLReporter -->
<testsuite ignored="0" hostname="Robin" failures="0" tests="5" name="Test" time="27.697" errors="0" timestamp="2024-05-03T18:38:34 EDT">
  <testcase classname="testCases.AccountRegistrationT0001" name="CheckHomePageLogo" time="0.322"/>
  <testcase classname="testCases.AccountRegistrationT0001" name="CreateAccount" time="5.295"/>
  <testcase classname="testCases.AccountRegistrationT0001" name="DeleteAccount" time="7.46"/>
  <testcase classname="testCases.LoginT0002" name="CheckHomePageLogo" time="0.061"/>
  <testcase classname="testCases.LoginT0002" name="LoginWithInavlid" time="4.1"/>
</testsuite> <!-- Test -->
