<?xml version="1.0" encoding="UTF-8"?>
<testng-results ignored="0" total="5" passed="5" failed="0" skipped="0">
  <reporter-output>
  </reporter-output>
  <suite started-at="2024-05-03T18:38:06 EDT" name="Suite" finished-at="2024-05-03T18:38:33 EDT" duration-ms="27697">
    <groups>
    </groups>
    <test started-at="2024-05-03T18:38:06 EDT" name="Test" finished-at="2024-05-03T18:38:33 EDT" duration-ms="27697">
      <class name="testCases.AccountRegistrationT0001">
        <test-method is-config="true" signature="setup(java.lang.String)[pri:0, instance:testCases.AccountRegistrationT0001@49c90a9c]" started-at="2024-05-03T18:38:06 EDT" name="setup" finished-at="2024-05-03T18:38:11 EDT" duration-ms="5672" status="PASS">
          <params>
            <param index="0">
              <value>
                <![CDATA[Chrome]]>
              </value>
            </param>
          </params>
          <reporter-output>
          </reporter-output>
        </test-method> <!-- setup -->
        <test-method signature="CheckHomePageLogo()[pri:1, instance:testCases.AccountRegistrationT0001@49c90a9c]" started-at="2024-05-03T18:38:11 EDT" name="CheckHomePageLogo" finished-at="2024-05-03T18:38:12 EDT" duration-ms="322" status="PASS">
          <reporter-output>
          </reporter-output>
        </test-method> <!-- CheckHomePageLogo -->
        <test-method signature="CreateAccount()[pri:2, instance:testCases.AccountRegistrationT0001@49c90a9c]" started-at="2024-05-03T18:38:12 EDT" name="CreateAccount" finished-at="2024-05-03T18:38:17 EDT" duration-ms="5295" status="PASS">
          <reporter-output>
          </reporter-output>
        </test-method> <!-- CreateAccount -->
        <test-method signature="DeleteAccount()[pri:0, instance:testCases.AccountRegistrationT0001@49c90a9c]" started-at="2024-05-03T18:38:17 EDT" name="DeleteAccount" finished-at="2024-05-03T18:38:25 EDT" depends-on-methods="testCases.AccountRegistrationT0001.CreateAccount" duration-ms="7460" status="PASS">
          <reporter-output>
          </reporter-output>
        </test-method> <!-- DeleteAccount -->
        <test-method is-config="true" signature="teardown()[pri:0, instance:testCases.AccountRegistrationT0001@49c90a9c]" started-at="2024-05-03T18:38:25 EDT" name="teardown" finished-at="2024-05-03T18:38:25 EDT" duration-ms="462" status="PASS">
          <reporter-output>
          </reporter-output>
        </test-method> <!-- teardown -->
      </class> <!-- testCases.AccountRegistrationT0001 -->
      <class name="testCases.LoginT0002">
        <test-method is-config="true" signature="setup(java.lang.String)[pri:0, instance:testCases.LoginT0002@3b35a229]" started-at="2024-05-03T18:38:25 EDT" name="setup" finished-at="2024-05-03T18:38:29 EDT" duration-ms="3917" status="PASS">
          <params>
            <param index="0">
              <value>
                <![CDATA[Chrome]]>
              </value>
            </param>
          </params>
          <reporter-output>
          </reporter-output>
        </test-method> <!-- setup -->
        <test-method signature="CheckHomePageLogo()[pri:1, instance:testCases.LoginT0002@3b35a229]" started-at="2024-05-03T18:38:29 EDT" name="CheckHomePageLogo" finished-at="2024-05-03T18:38:29 EDT" duration-ms="61" status="PASS">
          <reporter-output>
          </reporter-output>
        </test-method> <!-- CheckHomePageLogo -->
        <test-method signature="LoginWithInavlid()[pri:2, instance:testCases.LoginT0002@3b35a229]" started-at="2024-05-03T18:38:29 EDT" name="LoginWithInavlid" finished-at="2024-05-03T18:38:33 EDT" duration-ms="4100" status="PASS">
          <reporter-output>
          </reporter-output>
        </test-method> <!-- LoginWithInavlid -->
        <test-method is-config="true" signature="teardown()[pri:0, instance:testCases.LoginT0002@3b35a229]" started-at="2024-05-03T18:38:33 EDT" name="teardown" finished-at="2024-05-03T18:38:33 EDT" duration-ms="167" status="PASS">
          <reporter-output>
          </reporter-output>
        </test-method> <!-- teardown -->
      </class> <!-- testCases.LoginT0002 -->
    </test> <!-- Test -->
  </suite> <!-- Suite -->
</testng-results>
