<?xml version="1.0" encoding="UTF-8"?>
<testng-results ignored="0" total="5" passed="5" failed="0" skipped="0">
  <reporter-output>
  </reporter-output>
  <suite started-at="2024-05-02T21:12:19 EDT" name="Suite" finished-at="2024-05-02T21:12:41 EDT" duration-ms="21506">
    <groups>
    </groups>
    <test started-at="2024-05-02T21:12:19 EDT" name="Test" finished-at="2024-05-02T21:12:41 EDT" duration-ms="21506">
      <class name="testCases.AccountRegistrationT0001">
        <test-method is-config="true" signature="setup(java.lang.String)[pri:0, instance:testCases.AccountRegistrationT0001@6cd24612]" started-at="2024-05-02T21:12:19 EDT" name="setup" finished-at="2024-05-02T21:12:24 EDT" duration-ms="4609" status="PASS">
          <params>
            <param index="0">
              <value>
                <![CDATA[Chrome]]>
              </value>
            </param>
          </params>
          <reporter-output>
          </reporter-output>
        </test-method> <!-- setup -->
        <test-method signature="CheckHomePageLogo()[pri:1, instance:testCases.AccountRegistrationT0001@6cd24612]" started-at="2024-05-02T21:12:24 EDT" name="CheckHomePageLogo" finished-at="2024-05-02T21:12:24 EDT" duration-ms="230" status="PASS">
          <reporter-output>
          </reporter-output>
        </test-method> <!-- CheckHomePageLogo -->
        <test-method signature="CreateAccount()[pri:2, instance:testCases.AccountRegistrationT0001@6cd24612]" started-at="2024-05-02T21:12:24 EDT" name="CreateAccount" finished-at="2024-05-02T21:12:30 EDT" duration-ms="5653" status="PASS">
          <reporter-output>
          </reporter-output>
        </test-method> <!-- CreateAccount -->
        <test-method signature="DeleteAccount()[pri:0, instance:testCases.AccountRegistrationT0001@6cd24612]" started-at="2024-05-02T21:12:30 EDT" name="DeleteAccount" finished-at="2024-05-02T21:12:33 EDT" depends-on-methods="testCases.AccountRegistrationT0001.CreateAccount" duration-ms="3251" status="PASS">
          <reporter-output>
          </reporter-output>
        </test-method> <!-- DeleteAccount -->
        <test-method is-config="true" signature="teardown()[pri:0, instance:testCases.AccountRegistrationT0001@6cd24612]" started-at="2024-05-02T21:12:33 EDT" name="teardown" finished-at="2024-05-02T21:12:33 EDT" duration-ms="240" status="PASS">
          <reporter-output>
          </reporter-output>
        </test-method> <!-- teardown -->
      </class> <!-- testCases.AccountRegistrationT0001 -->
      <class name="testCases.LoginT0002">
        <test-method is-config="true" signature="setup(java.lang.String)[pri:0, instance:testCases.LoginT0002@5a7fe64f]" started-at="2024-05-02T21:12:33 EDT" name="setup" finished-at="2024-05-02T21:12:37 EDT" duration-ms="3626" status="PASS">
          <params>
            <param index="0">
              <value>
                <![CDATA[Chrome]]>
              </value>
            </param>
          </params>
          <reporter-output>
          </reporter-output>
        </test-method> <!-- setup -->
        <test-method signature="CheckHomePageLogo()[pri:1, instance:testCases.LoginT0002@5a7fe64f]" started-at="2024-05-02T21:12:37 EDT" name="CheckHomePageLogo" finished-at="2024-05-02T21:12:37 EDT" duration-ms="55" status="PASS">
          <reporter-output>
          </reporter-output>
        </test-method> <!-- CheckHomePageLogo -->
        <test-method signature="LoginWithInavlid()[pri:2, instance:testCases.LoginT0002@5a7fe64f]" started-at="2024-05-02T21:12:37 EDT" name="LoginWithInavlid" finished-at="2024-05-02T21:12:40 EDT" duration-ms="3329" status="PASS">
          <reporter-output>
          </reporter-output>
        </test-method> <!-- LoginWithInavlid -->
        <test-method is-config="true" signature="teardown()[pri:0, instance:testCases.LoginT0002@5a7fe64f]" started-at="2024-05-02T21:12:40 EDT" name="teardown" finished-at="2024-05-02T21:12:41 EDT" duration-ms="244" status="PASS">
          <reporter-output>
          </reporter-output>
        </test-method> <!-- teardown -->
      </class> <!-- testCases.LoginT0002 -->
    </test> <!-- Test -->
  </suite> <!-- Suite -->
</testng-results>
